<?xml version="1.0" encoding="UTF-8"?>
<robot generator="Robot 3.2.2 (Python 3.9.1 on win32)" generated="20210209 22:58:04.991" rpa="false">
<suite id="s1" name="Select" source="c:\qaninja\robot\web\tests\select.robot">
<test id="s1-t1" name="Selecionando por Texto e validando pelo valor">
<kw name="Nova sessão" library="base" type="setup">
<kw name="Open Browser" library="SeleniumLibrary">
<doc>Opens a new browser instance to the optional ``url``.</doc>
<arguments>
<arg>${url}</arg>
<arg>Chrome</arg>
</arguments>
<msg timestamp="20210209 22:58:05.163" level="INFO">Opening browser 'Chrome' to base url 'http://training-wheels-protocol.herokuapp.com'.</msg>
<status status="PASS" starttime="20210209 22:58:05.163" endtime="20210209 22:58:10.331"></status>
</kw>
<status status="PASS" starttime="20210209 22:58:05.162" endtime="20210209 22:58:10.331"></status>
</kw>
<kw name="Go To" library="SeleniumLibrary">
<doc>Navigates the current browser window to the provided ``url``.</doc>
<arguments>
<arg>${url}/dropdown</arg>
</arguments>
<msg timestamp="20210209 22:58:10.332" level="INFO">Opening url 'http://training-wheels-protocol.herokuapp.com/dropdown'</msg>
<status status="PASS" starttime="20210209 22:58:10.332" endtime="20210209 22:58:10.606"></status>
</kw>
<kw name="Select From List By Label" library="SeleniumLibrary">
<doc>Selects options from selection list ``locator`` by ``labels``.</doc>
<arguments>
<arg>class:avenger-list</arg>
<arg>Scott Lang</arg>
</arguments>
<msg timestamp="20210209 22:58:10.607" level="INFO">Selecting options from selection list 'class:avenger-list' by label Scott Lang.</msg>
<status status="PASS" starttime="20210209 22:58:10.606" endtime="20210209 22:58:10.701"></status>
</kw>
<kw name="Get Selected List Value" library="SeleniumLibrary">
<doc>Returns the value of selected option from selection list ``locator``.</doc>
<arguments>
<arg>class:avenger-list</arg>
</arguments>
<assign>
<var>${selected}</var>
</assign>
<msg timestamp="20210209 22:58:10.815" level="INFO">${selected} = 7</msg>
<status status="PASS" starttime="20210209 22:58:10.702" endtime="20210209 22:58:10.815"></status>
</kw>
<kw name="Should Be Equal" library="BuiltIn">
<doc>Fails if the given objects are unequal.</doc>
<arguments>
<arg>${selected}</arg>
<arg>7</arg>
</arguments>
<status status="PASS" starttime="20210209 22:58:10.815" endtime="20210209 22:58:10.815"></status>
</kw>
<kw name="Encerra sessão" library="base" type="teardown">
<kw name="Capture Page Screenshot" library="SeleniumLibrary">
<doc>Takes a screenshot of the current page and embeds it into a log file.</doc>
<msg timestamp="20210209 22:58:11.118" level="INFO" html="yes">&lt;/td&gt;&lt;/tr&gt;&lt;tr&gt;&lt;td colspan="3"&gt;&lt;a href="selenium-screenshot-14.png"&gt;&lt;img src="selenium-screenshot-14.png" width="800px"&gt;&lt;/a&gt;</msg>
<status status="PASS" starttime="20210209 22:58:10.816" endtime="20210209 22:58:11.118"></status>
</kw>
<kw name="Close Browser" library="SeleniumLibrary">
<doc>Closes the current browser.</doc>
<status status="PASS" starttime="20210209 22:58:11.118" endtime="20210209 22:58:13.233"></status>
</kw>
<status status="PASS" starttime="20210209 22:58:10.816" endtime="20210209 22:58:13.233"></status>
</kw>
<status status="PASS" starttime="20210209 22:58:05.162" endtime="20210209 22:58:13.234" critical="yes"></status>
</test>
<test id="s1-t2" name="Selecionando por Valor e validando pelo texto">
<kw name="Nova sessão" library="base" type="setup">
<kw name="Open Browser" library="SeleniumLibrary">
<doc>Opens a new browser instance to the optional ``url``.</doc>
<arguments>
<arg>${url}</arg>
<arg>Chrome</arg>
</arguments>
<msg timestamp="20210209 22:58:13.239" level="INFO">Opening browser 'Chrome' to base url 'http://training-wheels-protocol.herokuapp.com'.</msg>
<status status="PASS" starttime="20210209 22:58:13.239" endtime="20210209 22:58:18.618"></status>
</kw>
<status status="PASS" starttime="20210209 22:58:13.238" endtime="20210209 22:58:18.619"></status>
</kw>
<kw name="Go To" library="SeleniumLibrary">
<doc>Navigates the current browser window to the provided ``url``.</doc>
<arguments>
<arg>${url}/dropdown</arg>
</arguments>
<msg timestamp="20210209 22:58:18.620" level="INFO">Opening url 'http://training-wheels-protocol.herokuapp.com/dropdown'</msg>
<status status="PASS" starttime="20210209 22:58:18.619" endtime="20210209 22:58:19.154"></status>
</kw>
<kw name="Select From List By Value" library="SeleniumLibrary">
<doc>Selects options from selection list ``locator`` by ``values``.</doc>
<arguments>
<arg>id:dropdown</arg>
<arg>6</arg>
</arguments>
<msg timestamp="20210209 22:58:19.155" level="INFO">Selecting options from selection list 'id:dropdown' by value 6.</msg>
<status status="PASS" starttime="20210209 22:58:19.155" endtime="20210209 22:58:19.224"></status>
</kw>
<kw name="Get Selected List Label" library="SeleniumLibrary">
<doc>Returns the label of selected option from selection list ``locator``.</doc>
<arguments>
<arg>id:dropdown</arg>
</arguments>
<assign>
<var>${selected}</var>
</assign>
<msg timestamp="20210209 22:58:19.324" level="INFO">${selected} = Loki</msg>
<status status="PASS" starttime="20210209 22:58:19.225" endtime="20210209 22:58:19.324"></status>
</kw>
<kw name="Should Be Equal" library="BuiltIn">
<doc>Fails if the given objects are unequal.</doc>
<arguments>
<arg>${selected}</arg>
<arg>Loki</arg>
</arguments>
<status status="PASS" starttime="20210209 22:58:19.325" endtime="20210209 22:58:19.325"></status>
</kw>
<kw name="Encerra sessão" library="base" type="teardown">
<kw name="Capture Page Screenshot" library="SeleniumLibrary">
<doc>Takes a screenshot of the current page and embeds it into a log file.</doc>
<msg timestamp="20210209 22:58:19.599" level="INFO" html="yes">&lt;/td&gt;&lt;/tr&gt;&lt;tr&gt;&lt;td colspan="3"&gt;&lt;a href="selenium-screenshot-15.png"&gt;&lt;img src="selenium-screenshot-15.png" width="800px"&gt;&lt;/a&gt;</msg>
<status status="PASS" starttime="20210209 22:58:19.326" endtime="20210209 22:58:19.599"></status>
</kw>
<kw name="Close Browser" library="SeleniumLibrary">
<doc>Closes the current browser.</doc>
<status status="PASS" starttime="20210209 22:58:19.599" endtime="20210209 22:58:21.735"></status>
</kw>
<status status="PASS" starttime="20210209 22:58:19.326" endtime="20210209 22:58:21.735"></status>
</kw>
<status status="PASS" starttime="20210209 22:58:13.238" endtime="20210209 22:58:21.736" critical="yes"></status>
</test>
<status status="PASS" starttime="20210209 22:58:04.993" endtime="20210209 22:58:21.741"></status>
</suite>
<statistics>
<total>
<stat pass="2" fail="0">Critical Tests</stat>
<stat pass="2" fail="0">All Tests</stat>
</total>
<tag>
</tag>
<suite>
<stat pass="2" fail="0" id="s1" name="Select">Select</stat>
</suite>
</statistics>
<errors>
</errors>
</robot>
