<?xml version="1.0" encoding="UTF-8"?>
<robot generator="Robot 3.2.2 (Python 3.9.1 on win32)" generated="20210427 00:42:47.152" rpa="false">
<suite id="s1" name="Login" source="D:\Cursos\ROBOT FRAMEWORK\projetos\rfw\parodify\tests\login.robot">
<test id="s1-t1" name="Login com sucesso">
<kw name="Open Login" library="login">
<kw name="Open Browser" library="Browser">
<tags>
<tag>BrowserControl</tag>
<tag>Setter</tag>
</tags>
<doc>Opens a new browser instance. Use this keyword for quick experiments or debugging sessions.
Use `New Page` directly instead of `Open Browser` for production and automated execution.
See `Browser, Context and Page` for more information about Browser and related concepts.</doc>
<arguments>
<arg>http://parodify.herokuapp.com/users/sign_in</arg>
<arg>Chromium</arg>
</arguments>
<msg timestamp="20210427 00:42:48.009" level="WARN">Open Browser is for quick experimentation and debugging only. Use New Page for production.</msg>
<msg timestamp="20210427 00:42:48.010" level="INFO">{"browser": "chromium", "headless": false, "handleSIGINT": true, "handleSIGTERM": true, "handleSIGHUP": true, "timeout": 30000.0, "devtools": false, "slowMo": 0.0}</msg>
<msg timestamp="20210427 00:42:49.536" level="INFO">Successfully created browser with options: {"browser":"chromium","headless":false,"handleSIGINT":true,"handleSIGTERM":true,"handleSIGHUP":true,"timeout":30000,"devtools":false,"slowMo":0}</msg>
<msg timestamp="20210427 00:42:49.536" level="INFO">{"acceptDownloads": false, "ignoreHTTPSErrors": false, "bypassCSP": false, "deviceScaleFactor": 1.0, "isMobile": false, "hasTouch": false, "javaScriptEnabled": true, "offline": false, "hideRfBrowser": false}</msg>
<msg timestamp="20210427 00:42:49.552" level="INFO">Successfully created context with options: {"acceptDownloads":false,"ignoreHTTPSErrors":false,"bypassCSP":false,"deviceScaleFactor":1,"isMobile":false,"hasTouch":false,"javaScriptEnabled":true,"offline":false,"hideRfBrowser":false}</msg>
<msg timestamp="20210427 00:42:52.624" level="INFO">Successfully initialized new page object and opened url: http://parodify.herokuapp.com/users/sign_in</msg>
<status status="PASS" starttime="20210427 00:42:48.009" endtime="20210427 00:42:52.624"></status>
</kw>
<status status="PASS" starttime="20210427 00:42:48.008" endtime="20210427 00:42:52.625"></status>
</kw>
<kw name="Login With" library="login">
<arguments>
<arg>papito@parodify.com</arg>
<arg>pwd123</arg>
</arguments>
<kw name="Fill Text" library="Browser">
<tags>
<tag>PageContent</tag>
<tag>Setter</tag>
</tags>
<doc>Clears and fills the given ``text`` into the text field found by ``selector``.</doc>
<arguments>
<arg>css=input[name*=email]</arg>
<arg>${email}</arg>
</arguments>
<msg timestamp="20210427 00:42:52.626" level="INFO">Fills the text 'papito@parodify.com' in the given field.</msg>
<status status="PASS" starttime="20210427 00:42:52.626" endtime="20210427 00:42:52.676"></status>
</kw>
<kw name="Fill Text" library="Browser">
<tags>
<tag>PageContent</tag>
<tag>Setter</tag>
</tags>
<doc>Clears and fills the given ``text`` into the text field found by ``selector``.</doc>
<arguments>
<arg>css=#user_password</arg>
<arg>${password}</arg>
</arguments>
<msg timestamp="20210427 00:42:52.678" level="INFO">Fills the text 'pwd123' in the given field.</msg>
<status status="PASS" starttime="20210427 00:42:52.676" endtime="20210427 00:42:52.716"></status>
</kw>
<kw name="Click" library="Browser">
<tags>
<tag>PageContent</tag>
<tag>Setter</tag>
</tags>
<doc>Simulates mouse click on the element found by ``selector``.</doc>
<arguments>
<arg>css=input[value='Log in']</arg>
</arguments>
<status status="PASS" starttime="20210427 00:42:52.717" endtime="20210427 00:42:53.245"></status>
</kw>
<status status="PASS" starttime="20210427 00:42:52.625" endtime="20210427 00:42:53.245"></status>
</kw>
<kw name="Logout Link Should Be Visible" library="home_logada">
<kw name="Wait For Elements State" library="Browser">
<tags>
<tag>PageContent</tag>
<tag>Wait</tag>
</tags>
<doc>Waits for the element found by ``selector`` to satisfy state option.</doc>
<arguments>
<arg>css=a[href$=sign_out]</arg>
<arg>visible</arg>
<arg>10</arg>
</arguments>
<msg timestamp="20210427 00:42:53.440" level="INFO">Wait for Element with selector: css=a[href$=sign_out]</msg>
<status status="PASS" starttime="20210427 00:42:53.247" endtime="20210427 00:42:53.441"></status>
</kw>
<status status="PASS" starttime="20210427 00:42:53.246" endtime="20210427 00:42:53.441"></status>
</kw>
<kw name="Take Screenshot" library="Browser" type="teardown">
<tags>
<tag>PageContent</tag>
</tags>
<doc>Takes a screenshot of the current window and saves it to ``path``. Saves it as a png.</doc>
<msg timestamp="20210427 00:42:53.733" level="INFO" html="yes">&lt;/td&gt;&lt;/tr&gt;&lt;tr&gt;&lt;td colspan="3"&gt;&lt;a href="browser/screenshot/robotframework-browser-screenshot-7.png"&gt;&lt;img src="browser/screenshot/robotframework-browser-screenshot-7.png" width="800px"&gt;&lt;/a&gt;</msg>
<status status="PASS" starttime="20210427 00:42:53.442" endtime="20210427 00:42:53.733"></status>
</kw>
<tags>
<tag>sucess</tag>
</tags>
<status status="PASS" starttime="20210427 00:42:47.998" endtime="20210427 00:42:53.734" critical="yes"></status>
</test>
<test id="s1-t2" name="Senha inválida">
<kw name="Open Login" library="login">
<kw name="Open Browser" library="Browser">
<tags>
<tag>BrowserControl</tag>
<tag>Setter</tag>
</tags>
<doc>Opens a new browser instance. Use this keyword for quick experiments or debugging sessions.
Use `New Page` directly instead of `Open Browser` for production and automated execution.
See `Browser, Context and Page` for more information about Browser and related concepts.</doc>
<arguments>
<arg>http://parodify.herokuapp.com/users/sign_in</arg>
<arg>Chromium</arg>
</arguments>
<msg timestamp="20210427 00:42:53.834" level="WARN">Open Browser is for quick experimentation and debugging only. Use New Page for production.</msg>
<msg timestamp="20210427 00:42:53.837" level="INFO">{"browser": "chromium", "headless": false, "handleSIGINT": true, "handleSIGTERM": true, "handleSIGHUP": true, "timeout": 30000.0, "devtools": false, "slowMo": 0.0}</msg>
<msg timestamp="20210427 00:42:54.756" level="INFO">Successfully created browser with options: {"browser":"chromium","headless":false,"handleSIGINT":true,"handleSIGTERM":true,"handleSIGHUP":true,"timeout":30000,"devtools":false,"slowMo":0}</msg>
<msg timestamp="20210427 00:42:54.756" level="INFO">{"acceptDownloads": false, "ignoreHTTPSErrors": false, "bypassCSP": false, "deviceScaleFactor": 1.0, "isMobile": false, "hasTouch": false, "javaScriptEnabled": true, "offline": false, "hideRfBrowser": false}</msg>
<msg timestamp="20210427 00:42:54.772" level="INFO">Successfully created context with options: {"acceptDownloads":false,"ignoreHTTPSErrors":false,"bypassCSP":false,"deviceScaleFactor":1,"isMobile":false,"hasTouch":false,"javaScriptEnabled":true,"offline":false,"hideRfBrowser":false}</msg>
<msg timestamp="20210427 00:42:57.445" level="INFO">Successfully initialized new page object and opened url: http://parodify.herokuapp.com/users/sign_in</msg>
<status status="PASS" starttime="20210427 00:42:53.833" endtime="20210427 00:42:57.445"></status>
</kw>
<status status="PASS" starttime="20210427 00:42:53.832" endtime="20210427 00:42:57.446"></status>
</kw>
<kw name="Login With" library="login">
<arguments>
<arg>papito@parodify.com</arg>
<arg>pad456</arg>
</arguments>
<kw name="Fill Text" library="Browser">
<tags>
<tag>PageContent</tag>
<tag>Setter</tag>
</tags>
<doc>Clears and fills the given ``text`` into the text field found by ``selector``.</doc>
<arguments>
<arg>css=input[name*=email]</arg>
<arg>${email}</arg>
</arguments>
<msg timestamp="20210427 00:42:57.447" level="INFO">Fills the text 'papito@parodify.com' in the given field.</msg>
<status status="PASS" starttime="20210427 00:42:57.447" endtime="20210427 00:42:57.492"></status>
</kw>
<kw name="Fill Text" library="Browser">
<tags>
<tag>PageContent</tag>
<tag>Setter</tag>
</tags>
<doc>Clears and fills the given ``text`` into the text field found by ``selector``.</doc>
<arguments>
<arg>css=#user_password</arg>
<arg>${password}</arg>
</arguments>
<msg timestamp="20210427 00:42:57.493" level="INFO">Fills the text 'pad456' in the given field.</msg>
<status status="PASS" starttime="20210427 00:42:57.493" endtime="20210427 00:42:57.511"></status>
</kw>
<kw name="Click" library="Browser">
<tags>
<tag>PageContent</tag>
<tag>Setter</tag>
</tags>
<doc>Simulates mouse click on the element found by ``selector``.</doc>
<arguments>
<arg>css=input[value='Log in']</arg>
</arguments>
<status status="PASS" starttime="20210427 00:42:57.511" endtime="20210427 00:42:58.009"></status>
</kw>
<status status="PASS" starttime="20210427 00:42:57.446" endtime="20210427 00:42:58.009"></status>
</kw>
<kw name="Alert Should Be" library="login">
<arguments>
<arg>Opps! Dados de acesso incorretos!</arg>
</arguments>
<kw name="Get Text" library="Browser">
<tags>
<tag>Assertion</tag>
<tag>Getter</tag>
<tag>PageContent</tag>
</tags>
<doc>Returns text attribute of the element found by ``selector``.
See the `Finding elements` section for details about the selectors.</doc>
<arguments>
<arg>css=.is-danger .message-body</arg>
<arg>==</arg>
<arg>${message}</arg>
</arguments>
<status status="PASS" starttime="20210427 00:42:58.010" endtime="20210427 00:42:58.264"></status>
</kw>
<status status="PASS" starttime="20210427 00:42:58.010" endtime="20210427 00:42:58.264"></status>
</kw>
<kw name="Take Screenshot" library="Browser" type="teardown">
<tags>
<tag>PageContent</tag>
</tags>
<doc>Takes a screenshot of the current window and saves it to ``path``. Saves it as a png.</doc>
<msg timestamp="20210427 00:42:58.677" level="INFO" html="yes">&lt;/td&gt;&lt;/tr&gt;&lt;tr&gt;&lt;td colspan="3"&gt;&lt;a href="browser/screenshot/robotframework-browser-screenshot-8.png"&gt;&lt;img src="browser/screenshot/robotframework-browser-screenshot-8.png" width="800px"&gt;&lt;/a&gt;</msg>
<status status="PASS" starttime="20210427 00:42:58.265" endtime="20210427 00:42:58.677"></status>
</kw>
<status status="PASS" starttime="20210427 00:42:53.823" endtime="20210427 00:42:58.678" critical="yes"></status>
</test>
<test id="s1-t3" name="Usuário não encontrado">
<kw name="Open Login" library="login">
<kw name="Open Browser" library="Browser">
<tags>
<tag>BrowserControl</tag>
<tag>Setter</tag>
</tags>
<doc>Opens a new browser instance. Use this keyword for quick experiments or debugging sessions.
Use `New Page` directly instead of `Open Browser` for production and automated execution.
See `Browser, Context and Page` for more information about Browser and related concepts.</doc>
<arguments>
<arg>http://parodify.herokuapp.com/users/sign_in</arg>
<arg>Chromium</arg>
</arguments>
<msg timestamp="20210427 00:42:58.777" level="WARN">Open Browser is for quick experimentation and debugging only. Use New Page for production.</msg>
<msg timestamp="20210427 00:42:58.778" level="INFO">{"browser": "chromium", "headless": false, "handleSIGINT": true, "handleSIGTERM": true, "handleSIGHUP": true, "timeout": 30000.0, "devtools": false, "slowMo": 0.0}</msg>
<msg timestamp="20210427 00:42:59.752" level="INFO">Successfully created browser with options: {"browser":"chromium","headless":false,"handleSIGINT":true,"handleSIGTERM":true,"handleSIGHUP":true,"timeout":30000,"devtools":false,"slowMo":0}</msg>
<msg timestamp="20210427 00:42:59.752" level="INFO">{"acceptDownloads": false, "ignoreHTTPSErrors": false, "bypassCSP": false, "deviceScaleFactor": 1.0, "isMobile": false, "hasTouch": false, "javaScriptEnabled": true, "offline": false, "hideRfBrowser": false}</msg>
<msg timestamp="20210427 00:42:59.767" level="INFO">Successfully created context with options: {"acceptDownloads":false,"ignoreHTTPSErrors":false,"bypassCSP":false,"deviceScaleFactor":1,"isMobile":false,"hasTouch":false,"javaScriptEnabled":true,"offline":false,"hideRfBrowser":false}</msg>
<msg timestamp="20210427 00:43:02.404" level="INFO">Successfully initialized new page object and opened url: http://parodify.herokuapp.com/users/sign_in</msg>
<status status="PASS" starttime="20210427 00:42:58.776" endtime="20210427 00:43:02.404"></status>
</kw>
<status status="PASS" starttime="20210427 00:42:58.774" endtime="20210427 00:43:02.405"></status>
</kw>
<kw name="Login With" library="login">
<arguments>
<arg>fernando@parodify.com</arg>
<arg>pwd123</arg>
</arguments>
<kw name="Fill Text" library="Browser">
<tags>
<tag>PageContent</tag>
<tag>Setter</tag>
</tags>
<doc>Clears and fills the given ``text`` into the text field found by ``selector``.</doc>
<arguments>
<arg>css=input[name*=email]</arg>
<arg>${email}</arg>
</arguments>
<msg timestamp="20210427 00:43:02.406" level="INFO">Fills the text 'fernando@parodify.com' in the given field.</msg>
<status status="PASS" starttime="20210427 00:43:02.406" endtime="20210427 00:43:02.446"></status>
</kw>
<kw name="Fill Text" library="Browser">
<tags>
<tag>PageContent</tag>
<tag>Setter</tag>
</tags>
<doc>Clears and fills the given ``text`` into the text field found by ``selector``.</doc>
<arguments>
<arg>css=#user_password</arg>
<arg>${password}</arg>
</arguments>
<msg timestamp="20210427 00:43:02.447" level="INFO">Fills the text 'pwd123' in the given field.</msg>
<status status="PASS" starttime="20210427 00:43:02.447" endtime="20210427 00:43:02.466"></status>
</kw>
<kw name="Click" library="Browser">
<tags>
<tag>PageContent</tag>
<tag>Setter</tag>
</tags>
<doc>Simulates mouse click on the element found by ``selector``.</doc>
<arguments>
<arg>css=input[value='Log in']</arg>
</arguments>
<status status="PASS" starttime="20210427 00:43:02.466" endtime="20210427 00:43:02.857"></status>
</kw>
<status status="PASS" starttime="20210427 00:43:02.405" endtime="20210427 00:43:02.857"></status>
</kw>
<kw name="Alert Should Be" library="login">
<arguments>
<arg>Opps! Dados de acesso incorretos!</arg>
</arguments>
<kw name="Get Text" library="Browser">
<tags>
<tag>Assertion</tag>
<tag>Getter</tag>
<tag>PageContent</tag>
</tags>
<doc>Returns text attribute of the element found by ``selector``.
See the `Finding elements` section for details about the selectors.</doc>
<arguments>
<arg>css=.is-danger .message-body</arg>
<arg>==</arg>
<arg>${message}</arg>
</arguments>
<status status="PASS" starttime="20210427 00:43:02.859" endtime="20210427 00:43:03.068"></status>
</kw>
<status status="PASS" starttime="20210427 00:43:02.858" endtime="20210427 00:43:03.068"></status>
</kw>
<kw name="Take Screenshot" library="Browser" type="teardown">
<tags>
<tag>PageContent</tag>
</tags>
<doc>Takes a screenshot of the current window and saves it to ``path``. Saves it as a png.</doc>
<msg timestamp="20210427 00:43:03.460" level="INFO" html="yes">&lt;/td&gt;&lt;/tr&gt;&lt;tr&gt;&lt;td colspan="3"&gt;&lt;a href="browser/screenshot/robotframework-browser-screenshot-9.png"&gt;&lt;img src="browser/screenshot/robotframework-browser-screenshot-9.png" width="800px"&gt;&lt;/a&gt;</msg>
<status status="PASS" starttime="20210427 00:43:03.069" endtime="20210427 00:43:03.460"></status>
</kw>
<status status="PASS" starttime="20210427 00:42:58.763" endtime="20210427 00:43:03.461" critical="yes"></status>
</test>
<test id="s1-t4" name="Usuário não informado">
<kw name="Open Login" library="login">
<kw name="Open Browser" library="Browser">
<tags>
<tag>BrowserControl</tag>
<tag>Setter</tag>
</tags>
<doc>Opens a new browser instance. Use this keyword for quick experiments or debugging sessions.
Use `New Page` directly instead of `Open Browser` for production and automated execution.
See `Browser, Context and Page` for more information about Browser and related concepts.</doc>
<arguments>
<arg>http://parodify.herokuapp.com/users/sign_in</arg>
<arg>Chromium</arg>
</arguments>
<msg timestamp="20210427 00:43:03.560" level="WARN">Open Browser is for quick experimentation and debugging only. Use New Page for production.</msg>
<msg timestamp="20210427 00:43:03.561" level="INFO">{"browser": "chromium", "headless": false, "handleSIGINT": true, "handleSIGTERM": true, "handleSIGHUP": true, "timeout": 30000.0, "devtools": false, "slowMo": 0.0}</msg>
<msg timestamp="20210427 00:43:04.604" level="INFO">Successfully created browser with options: {"browser":"chromium","headless":false,"handleSIGINT":true,"handleSIGTERM":true,"handleSIGHUP":true,"timeout":30000,"devtools":false,"slowMo":0}</msg>
<msg timestamp="20210427 00:43:04.607" level="INFO">{"acceptDownloads": false, "ignoreHTTPSErrors": false, "bypassCSP": false, "deviceScaleFactor": 1.0, "isMobile": false, "hasTouch": false, "javaScriptEnabled": true, "offline": false, "hideRfBrowser": false}</msg>
<msg timestamp="20210427 00:43:04.609" level="INFO">Successfully created context with options: {"acceptDownloads":false,"ignoreHTTPSErrors":false,"bypassCSP":false,"deviceScaleFactor":1,"isMobile":false,"hasTouch":false,"javaScriptEnabled":true,"offline":false,"hideRfBrowser":false}</msg>
<msg timestamp="20210427 00:43:07.206" level="INFO">Successfully initialized new page object and opened url: http://parodify.herokuapp.com/users/sign_in</msg>
<status status="PASS" starttime="20210427 00:43:03.559" endtime="20210427 00:43:07.206"></status>
</kw>
<status status="PASS" starttime="20210427 00:43:03.558" endtime="20210427 00:43:07.206"></status>
</kw>
<kw name="Login With" library="login">
<arguments>
<arg>${Empty}</arg>
<arg>pwd123</arg>
</arguments>
<kw name="Fill Text" library="Browser">
<tags>
<tag>PageContent</tag>
<tag>Setter</tag>
</tags>
<doc>Clears and fills the given ``text`` into the text field found by ``selector``.</doc>
<arguments>
<arg>css=input[name*=email]</arg>
<arg>${email}</arg>
</arguments>
<msg timestamp="20210427 00:43:07.208" level="INFO">Fills the text '' in the given field.</msg>
<status status="PASS" starttime="20210427 00:43:07.208" endtime="20210427 00:43:07.243"></status>
</kw>
<kw name="Fill Text" library="Browser">
<tags>
<tag>PageContent</tag>
<tag>Setter</tag>
</tags>
<doc>Clears and fills the given ``text`` into the text field found by ``selector``.</doc>
<arguments>
<arg>css=#user_password</arg>
<arg>${password}</arg>
</arguments>
<msg timestamp="20210427 00:43:07.243" level="INFO">Fills the text 'pwd123' in the given field.</msg>
<status status="PASS" starttime="20210427 00:43:07.243" endtime="20210427 00:43:07.269"></status>
</kw>
<kw name="Click" library="Browser">
<tags>
<tag>PageContent</tag>
<tag>Setter</tag>
</tags>
<doc>Simulates mouse click on the element found by ``selector``.</doc>
<arguments>
<arg>css=input[value='Log in']</arg>
</arguments>
<status status="PASS" starttime="20210427 00:43:07.270" endtime="20210427 00:43:07.633"></status>
</kw>
<status status="PASS" starttime="20210427 00:43:07.207" endtime="20210427 00:43:07.633"></status>
</kw>
<kw name="Alert Should Be" library="login">
<arguments>
<arg>Opps! Dados de acesso incorretos!</arg>
</arguments>
<kw name="Get Text" library="Browser">
<tags>
<tag>Assertion</tag>
<tag>Getter</tag>
<tag>PageContent</tag>
</tags>
<doc>Returns text attribute of the element found by ``selector``.
See the `Finding elements` section for details about the selectors.</doc>
<arguments>
<arg>css=.is-danger .message-body</arg>
<arg>==</arg>
<arg>${message}</arg>
</arguments>
<status status="PASS" starttime="20210427 00:43:07.634" endtime="20210427 00:43:07.834"></status>
</kw>
<status status="PASS" starttime="20210427 00:43:07.633" endtime="20210427 00:43:07.834"></status>
</kw>
<kw name="Take Screenshot" library="Browser" type="teardown">
<tags>
<tag>PageContent</tag>
</tags>
<doc>Takes a screenshot of the current window and saves it to ``path``. Saves it as a png.</doc>
<msg timestamp="20210427 00:43:08.220" level="INFO" html="yes">&lt;/td&gt;&lt;/tr&gt;&lt;tr&gt;&lt;td colspan="3"&gt;&lt;a href="browser/screenshot/robotframework-browser-screenshot-10.png"&gt;&lt;img src="browser/screenshot/robotframework-browser-screenshot-10.png" width="800px"&gt;&lt;/a&gt;</msg>
<status status="PASS" starttime="20210427 00:43:07.835" endtime="20210427 00:43:08.220"></status>
</kw>
<status status="PASS" starttime="20210427 00:43:03.546" endtime="20210427 00:43:08.221" critical="yes"></status>
</test>
<test id="s1-t5" name="Senha não informada">
<kw name="Open Login" library="login">
<kw name="Open Browser" library="Browser">
<tags>
<tag>BrowserControl</tag>
<tag>Setter</tag>
</tags>
<doc>Opens a new browser instance. Use this keyword for quick experiments or debugging sessions.
Use `New Page` directly instead of `Open Browser` for production and automated execution.
See `Browser, Context and Page` for more information about Browser and related concepts.</doc>
<arguments>
<arg>http://parodify.herokuapp.com/users/sign_in</arg>
<arg>Chromium</arg>
</arguments>
<msg timestamp="20210427 00:43:08.325" level="WARN">Open Browser is for quick experimentation and debugging only. Use New Page for production.</msg>
<msg timestamp="20210427 00:43:08.326" level="INFO">{"browser": "chromium", "headless": false, "handleSIGINT": true, "handleSIGTERM": true, "handleSIGHUP": true, "timeout": 30000.0, "devtools": false, "slowMo": 0.0}</msg>
<msg timestamp="20210427 00:43:09.280" level="INFO">Successfully created browser with options: {"browser":"chromium","headless":false,"handleSIGINT":true,"handleSIGTERM":true,"handleSIGHUP":true,"timeout":30000,"devtools":false,"slowMo":0}</msg>
<msg timestamp="20210427 00:43:09.280" level="INFO">{"acceptDownloads": false, "ignoreHTTPSErrors": false, "bypassCSP": false, "deviceScaleFactor": 1.0, "isMobile": false, "hasTouch": false, "javaScriptEnabled": true, "offline": false, "hideRfBrowser": false}</msg>
<msg timestamp="20210427 00:43:09.295" level="INFO">Successfully created context with options: {"acceptDownloads":false,"ignoreHTTPSErrors":false,"bypassCSP":false,"deviceScaleFactor":1,"isMobile":false,"hasTouch":false,"javaScriptEnabled":true,"offline":false,"hideRfBrowser":false}</msg>
<msg timestamp="20210427 00:43:12.160" level="INFO">Successfully initialized new page object and opened url: http://parodify.herokuapp.com/users/sign_in</msg>
<status status="PASS" starttime="20210427 00:43:08.324" endtime="20210427 00:43:12.160"></status>
</kw>
<status status="PASS" starttime="20210427 00:43:08.323" endtime="20210427 00:43:12.160"></status>
</kw>
<kw name="Login With" library="login">
<arguments>
<arg>papito@parodify.com</arg>
<arg>${Empty}</arg>
</arguments>
<kw name="Fill Text" library="Browser">
<tags>
<tag>PageContent</tag>
<tag>Setter</tag>
</tags>
<doc>Clears and fills the given ``text`` into the text field found by ``selector``.</doc>
<arguments>
<arg>css=input[name*=email]</arg>
<arg>${email}</arg>
</arguments>
<msg timestamp="20210427 00:43:12.162" level="INFO">Fills the text 'papito@parodify.com' in the given field.</msg>
<status status="PASS" starttime="20210427 00:43:12.162" endtime="20210427 00:43:12.204"></status>
</kw>
<kw name="Fill Text" library="Browser">
<tags>
<tag>PageContent</tag>
<tag>Setter</tag>
</tags>
<doc>Clears and fills the given ``text`` into the text field found by ``selector``.</doc>
<arguments>
<arg>css=#user_password</arg>
<arg>${password}</arg>
</arguments>
<msg timestamp="20210427 00:43:12.205" level="INFO">Fills the text '' in the given field.</msg>
<status status="PASS" starttime="20210427 00:43:12.204" endtime="20210427 00:43:12.221"></status>
</kw>
<kw name="Click" library="Browser">
<tags>
<tag>PageContent</tag>
<tag>Setter</tag>
</tags>
<doc>Simulates mouse click on the element found by ``selector``.</doc>
<arguments>
<arg>css=input[value='Log in']</arg>
</arguments>
<status status="PASS" starttime="20210427 00:43:12.221" endtime="20210427 00:43:12.478"></status>
</kw>
<status status="PASS" starttime="20210427 00:43:12.161" endtime="20210427 00:43:12.478"></status>
</kw>
<kw name="Alert Should Be" library="login">
<arguments>
<arg>Opps! Dados de acesso incorretos!</arg>
</arguments>
<kw name="Get Text" library="Browser">
<tags>
<tag>Assertion</tag>
<tag>Getter</tag>
<tag>PageContent</tag>
</tags>
<doc>Returns text attribute of the element found by ``selector``.
See the `Finding elements` section for details about the selectors.</doc>
<arguments>
<arg>css=.is-danger .message-body</arg>
<arg>==</arg>
<arg>${message}</arg>
</arguments>
<status status="PASS" starttime="20210427 00:43:12.480" endtime="20210427 00:43:12.697"></status>
</kw>
<status status="PASS" starttime="20210427 00:43:12.479" endtime="20210427 00:43:12.697"></status>
</kw>
<kw name="Take Screenshot" library="Browser" type="teardown">
<tags>
<tag>PageContent</tag>
</tags>
<doc>Takes a screenshot of the current window and saves it to ``path``. Saves it as a png.</doc>
<msg timestamp="20210427 00:43:13.072" level="INFO" html="yes">&lt;/td&gt;&lt;/tr&gt;&lt;tr&gt;&lt;td colspan="3"&gt;&lt;a href="browser/screenshot/robotframework-browser-screenshot-11.png"&gt;&lt;img src="browser/screenshot/robotframework-browser-screenshot-11.png" width="800px"&gt;&lt;/a&gt;</msg>
<status status="PASS" starttime="20210427 00:43:12.698" endtime="20210427 00:43:13.072"></status>
</kw>
<status status="PASS" starttime="20210427 00:43:08.308" endtime="20210427 00:43:13.073" critical="yes"></status>
</test>
<doc>Testes da página de login.</doc>
<status status="PASS" starttime="20210427 00:42:47.152" endtime="20210427 00:43:13.155"></status>
</suite>
<statistics>
<total>
<stat pass="5" fail="0">Critical Tests</stat>
<stat pass="5" fail="0">All Tests</stat>
</total>
<tag>
<stat pass="1" fail="0">sucess</stat>
</tag>
<suite>
<stat pass="5" fail="0" id="s1" name="Login">Login</stat>
</suite>
</statistics>
<errors>
<msg timestamp="20210427 00:42:48.009" level="WARN">Open Browser is for quick experimentation and debugging only. Use New Page for production.</msg>
<msg timestamp="20210427 00:42:53.834" level="WARN">Open Browser is for quick experimentation and debugging only. Use New Page for production.</msg>
<msg timestamp="20210427 00:42:58.777" level="WARN">Open Browser is for quick experimentation and debugging only. Use New Page for production.</msg>
<msg timestamp="20210427 00:43:03.560" level="WARN">Open Browser is for quick experimentation and debugging only. Use New Page for production.</msg>
<msg timestamp="20210427 00:43:08.325" level="WARN">Open Browser is for quick experimentation and debugging only. Use New Page for production.</msg>
</errors>
</robot>
